2021-11-15 17:57:35,556 [Worker-4: Loading available Gradle versions] INFO  o.e.b.c.i.u.g.PublishedGradleVersions - Gradle version information cache is up-to-date. Trying to read.
2021-11-15 17:58:20,543 [Worker-0: Importing Maven projects] INFO  o.e.m.c.i.l.LifecycleMappingFactory - Using org.eclipse.m2e.jdt.JarLifecycleMapping lifecycle mapping for MavenProject: com.tutorial:car-service:0.0.1-SNAPSHOT @ C:\Users\Carlos.Oviedo\Documents\SPRING BOOT PROJECT\Usuario\car-service\pom.xml.
2021-11-15 17:58:21,549 [Worker-0: Importing Maven projects] INFO  o.e.m.c.i.l.LifecycleMappingFactory - Using org.eclipse.m2e.jdt.JarLifecycleMapping lifecycle mapping for MavenProject: com.tutorial:bike-service:0.0.1-SNAPSHOT @ C:\Users\Carlos.Oviedo\Documents\SPRING BOOT PROJECT\Usuario\bike-service\pom.xml.
2021-11-15 17:58:21,970 [Worker-0: Importing Maven projects] INFO  o.e.m.c.i.l.LifecycleMappingFactory - Using org.eclipse.m2e.jdt.JarLifecycleMapping lifecycle mapping for MavenProject: com.tutorial:user-service:0.0.1-SNAPSHOT @ C:\Users\Carlos.Oviedo\Documents\SPRING BOOT PROJECT\Usuario\user-service\pom.xml.
2021-11-15 17:58:24,501 [Worker-0: Importing Maven projects] INFO  o.e.m.j.i.AbstractJavaProjectConfigurator - Adding source folder /bike-service/src/main/java
2021-11-15 17:58:24,503 [Worker-0: Importing Maven projects] INFO  o.e.m.j.i.AbstractJavaProjectConfigurator - Adding resource folder /bike-service/src/main/resources
2021-11-15 17:58:24,503 [Worker-0: Importing Maven projects] INFO  o.e.m.j.i.AbstractJavaProjectConfigurator - Adding resource folder /bike-service/src/main/resources
2021-11-15 17:58:24,505 [Worker-0: Importing Maven projects] INFO  o.e.m.j.i.AbstractJavaProjectConfigurator - Adding source folder /bike-service/src/test/java
2021-11-15 17:58:25,435 [Worker-0: Importing Maven projects] INFO  o.e.m.j.i.AbstractJavaProjectConfigurator - Adding source folder /car-service/src/main/java
2021-11-15 17:58:25,435 [Worker-0: Importing Maven projects] INFO  o.e.m.j.i.AbstractJavaProjectConfigurator - Adding resource folder /car-service/src/main/resources
2021-11-15 17:58:25,436 [Worker-0: Importing Maven projects] INFO  o.e.m.j.i.AbstractJavaProjectConfigurator - Adding resource folder /car-service/src/main/resources
2021-11-15 17:58:25,438 [Worker-0: Importing Maven projects] INFO  o.e.m.j.i.AbstractJavaProjectConfigurator - Adding source folder /car-service/src/test/java
2021-11-15 17:58:26,055 [Worker-0: Importing Maven projects] INFO  o.e.m.j.i.AbstractJavaProjectConfigurator - Adding source folder /user-service/src/main/java
2021-11-15 17:58:26,056 [Worker-0: Importing Maven projects] INFO  o.e.m.j.i.AbstractJavaProjectConfigurator - Adding resource folder /user-service/src/main/resources
2021-11-15 17:58:26,057 [Worker-0: Importing Maven projects] INFO  o.e.m.j.i.AbstractJavaProjectConfigurator - Adding resource folder /user-service/src/main/resources
2021-11-15 17:58:26,058 [Worker-0: Importing Maven projects] INFO  o.e.m.j.i.AbstractJavaProjectConfigurator - Adding source folder /user-service/src/test/java
2021-11-15 17:58:26,642 [Worker-0: Importing Maven projects] INFO  o.e.m.c.i.p.ProjectConfigurationManager - Imported and configured 3 project(s) in 10 sec
2021-11-15 17:58:31,257 [Worker-1: Building] INFO  o.e.m.c.i.embedder.EclipseLogger - Using 'UTF-8' encoding to copy filtered resources.
2021-11-15 17:58:31,257 [Worker-1: Building] INFO  o.e.m.c.i.embedder.EclipseLogger - Using 'UTF-8' encoding to copy filtered properties files.
2021-11-15 17:58:31,264 [Worker-1: Building] INFO  o.e.m.c.i.embedder.EclipseLogger - Copying 0 resource
2021-11-15 17:58:31,265 [Worker-1: Building] INFO  o.e.m.c.i.embedder.EclipseLogger - Copying 1 resource
2021-11-15 17:58:31,283 [Worker-1: Building] INFO  o.e.m.c.i.embedder.EclipseLogger - Using 'UTF-8' encoding to copy filtered resources.
2021-11-15 17:58:31,284 [Worker-1: Building] INFO  o.e.m.c.i.embedder.EclipseLogger - Using 'UTF-8' encoding to copy filtered properties files.
2021-11-15 17:58:31,284 [Worker-1: Building] INFO  o.e.m.c.i.embedder.EclipseLogger - skip non existing resourceDirectory C:\Users\Carlos.Oviedo\Documents\SPRING BOOT PROJECT\Usuario\bike-service\src\test\resources
2021-11-15 17:58:32,916 [Worker-1: Building] INFO  o.e.m.c.i.embedder.EclipseLogger - Using 'UTF-8' encoding to copy filtered resources.
2021-11-15 17:58:32,916 [Worker-1: Building] INFO  o.e.m.c.i.embedder.EclipseLogger - Using 'UTF-8' encoding to copy filtered properties files.
2021-11-15 17:58:32,917 [Worker-1: Building] INFO  o.e.m.c.i.embedder.EclipseLogger - Copying 0 resource
2021-11-15 17:58:32,918 [Worker-1: Building] INFO  o.e.m.c.i.embedder.EclipseLogger - Copying 1 resource
2021-11-15 17:58:32,926 [Worker-1: Building] INFO  o.e.m.c.i.embedder.EclipseLogger - Using 'UTF-8' encoding to copy filtered resources.
2021-11-15 17:58:32,926 [Worker-1: Building] INFO  o.e.m.c.i.embedder.EclipseLogger - Using 'UTF-8' encoding to copy filtered properties files.
2021-11-15 17:58:32,927 [Worker-1: Building] INFO  o.e.m.c.i.embedder.EclipseLogger - skip non existing resourceDirectory C:\Users\Carlos.Oviedo\Documents\SPRING BOOT PROJECT\Usuario\car-service\src\test\resources
2021-11-15 17:58:34,296 [Worker-1: Building] INFO  o.e.m.c.i.embedder.EclipseLogger - Using 'UTF-8' encoding to copy filtered resources.
2021-11-15 17:58:34,296 [Worker-1: Building] INFO  o.e.m.c.i.embedder.EclipseLogger - Using 'UTF-8' encoding to copy filtered properties files.
2021-11-15 17:58:34,297 [Worker-1: Building] INFO  o.e.m.c.i.embedder.EclipseLogger - Copying 0 resource
2021-11-15 17:58:34,298 [Worker-1: Building] INFO  o.e.m.c.i.embedder.EclipseLogger - Copying 1 resource
2021-11-15 17:58:34,308 [Worker-1: Building] INFO  o.e.m.c.i.embedder.EclipseLogger - Using 'UTF-8' encoding to copy filtered resources.
2021-11-15 17:58:34,308 [Worker-1: Building] INFO  o.e.m.c.i.embedder.EclipseLogger - Using 'UTF-8' encoding to copy filtered properties files.
2021-11-15 17:58:34,308 [Worker-1: Building] INFO  o.e.m.c.i.embedder.EclipseLogger - skip non existing resourceDirectory C:\Users\Carlos.Oviedo\Documents\SPRING BOOT PROJECT\Usuario\user-service\src\test\resources
2021-11-15 17:58:35,485 [Worker-8: Building] INFO  o.e.m.c.i.embedder.EclipseLogger - Using 'UTF-8' encoding to copy filtered resources.
2021-11-15 17:58:35,485 [Worker-8: Building] INFO  o.e.m.c.i.embedder.EclipseLogger - Using 'UTF-8' encoding to copy filtered properties files.
2021-11-15 17:58:35,487 [Worker-8: Building] INFO  o.e.m.c.i.embedder.EclipseLogger - Copying 0 resource
2021-11-15 17:58:35,488 [Worker-8: Building] INFO  o.e.m.c.i.embedder.EclipseLogger - Copying 0 resource
2021-11-15 17:58:35,490 [Worker-8: Building] INFO  o.e.m.c.i.embedder.EclipseLogger - Using 'UTF-8' encoding to copy filtered resources.
2021-11-15 17:58:35,491 [Worker-8: Building] INFO  o.e.m.c.i.embedder.EclipseLogger - Using 'UTF-8' encoding to copy filtered properties files.
2021-11-15 17:58:35,491 [Worker-8: Building] INFO  o.e.m.c.i.embedder.EclipseLogger - skip non existing resourceDirectory C:\Users\Carlos.Oviedo\Documents\SPRING BOOT PROJECT\Usuario\bike-service\src\test\resources
2021-11-15 17:58:35,527 [Worker-8: Building] INFO  o.e.m.c.i.embedder.EclipseLogger - Using 'UTF-8' encoding to copy filtered resources.
2021-11-15 17:58:35,527 [Worker-8: Building] INFO  o.e.m.c.i.embedder.EclipseLogger - Using 'UTF-8' encoding to copy filtered properties files.
2021-11-15 17:58:35,528 [Worker-8: Building] INFO  o.e.m.c.i.embedder.EclipseLogger - Copying 0 resource
2021-11-15 17:58:35,528 [Worker-8: Building] INFO  o.e.m.c.i.embedder.EclipseLogger - Copying 0 resource
2021-11-15 17:58:35,532 [Worker-8: Building] INFO  o.e.m.c.i.embedder.EclipseLogger - Using 'UTF-8' encoding to copy filtered resources.
2021-11-15 17:58:35,532 [Worker-8: Building] INFO  o.e.m.c.i.embedder.EclipseLogger - Using 'UTF-8' encoding to copy filtered properties files.
2021-11-15 17:58:35,532 [Worker-8: Building] INFO  o.e.m.c.i.embedder.EclipseLogger - skip non existing resourceDirectory C:\Users\Carlos.Oviedo\Documents\SPRING BOOT PROJECT\Usuario\car-service\src\test\resources
2021-11-15 17:58:35,562 [Worker-8: Building] INFO  o.e.m.c.i.embedder.EclipseLogger - Using 'UTF-8' encoding to copy filtered resources.
2021-11-15 17:58:35,563 [Worker-8: Building] INFO  o.e.m.c.i.embedder.EclipseLogger - Using 'UTF-8' encoding to copy filtered properties files.
2021-11-15 17:58:35,563 [Worker-8: Building] INFO  o.e.m.c.i.embedder.EclipseLogger - Copying 0 resource
2021-11-15 17:58:35,564 [Worker-8: Building] INFO  o.e.m.c.i.embedder.EclipseLogger - Copying 0 resource
2021-11-15 17:58:35,567 [Worker-8: Building] INFO  o.e.m.c.i.embedder.EclipseLogger - Using 'UTF-8' encoding to copy filtered resources.
2021-11-15 17:58:35,567 [Worker-8: Building] INFO  o.e.m.c.i.embedder.EclipseLogger - Using 'UTF-8' encoding to copy filtered properties files.
2021-11-15 17:58:35,568 [Worker-8: Building] INFO  o.e.m.c.i.embedder.EclipseLogger - skip non existing resourceDirectory C:\Users\Carlos.Oviedo\Documents\SPRING BOOT PROJECT\Usuario\user-service\src\test\resources
2021-11-17 08:17:33,173 [Worker-1: Loading available Gradle versions] INFO  o.e.b.c.i.u.g.PublishedGradleVersions - Gradle version information cache is out-of-date. Trying to update.
2021-11-17 14:18:03,310 [Worker-1: Loading available Gradle versions] INFO  o.e.b.c.i.u.g.PublishedGradleVersions - Gradle version information cache is up-to-date. Trying to read.
2021-11-17 14:18:49,650 [Worker-2: Launching Executing clean in C__Users_Carlos.Oviedo_Documents_SPRING BOOT PROJECT_Usuario_bike-service] INFO  o.e.m.i.launch.MavenLaunchDelegate - C:\Users\Carlos.Oviedo\Documents\SPRING BOOT PROJECT\Usuario\bike-service
2021-11-17 14:18:49,657 [Worker-2: Launching Executing clean in C__Users_Carlos.Oviedo_Documents_SPRING BOOT PROJECT_Usuario_bike-service] INFO  o.e.m.i.launch.MavenLaunchDelegate -  mvn -B clean -Dstyle.color=always
2021-11-17 14:19:03,335 [Worker-8: Launching Executing install in C__Users_Carlos.Oviedo_Documents_SPRING BOOT PROJECT_Usuario_bike-service] INFO  o.e.m.i.launch.MavenLaunchDelegate - C:\Users\Carlos.Oviedo\Documents\SPRING BOOT PROJECT\Usuario\bike-service
2021-11-17 14:19:03,335 [Worker-8: Launching Executing install in C__Users_Carlos.Oviedo_Documents_SPRING BOOT PROJECT_Usuario_bike-service] INFO  o.e.m.i.launch.MavenLaunchDelegate -  mvn -B install -Dstyle.color=always
2021-11-17 14:19:35,368 [Worker-1: Updating Maven Project] INFO  o.e.m.c.i.p.ProjectConfigurationManager - Update started
2021-11-17 14:19:35,400 [Worker-1: Updating Maven Project] INFO  o.e.m.c.i.p.ProjectConfigurationManager - Update completed: 0 sec
